[19:25:39] [ServerMain/INFO]: Environment: Environment[sessionHost=https://sessionserver.mojang.com, servicesHost=https://api.minecraftservices.com, name=PROD]
[19:25:41] [ServerMain/INFO]: Loaded 1290 recipes
[19:25:41] [ServerMain/INFO]: Loaded 1399 advancements
[19:25:42] [Server thread/INFO]: Starting minecraft server version 1.21
[19:25:42] [Server thread/INFO]: Loading properties
[19:25:42] [Server thread/INFO]: Default game type: SURVIVAL
[19:25:42] [Server thread/INFO]: Generating keypair
[19:25:42] [Server thread/INFO]: Starting Minecraft server on *:25565
[19:25:42] [Server thread/INFO]: Using epoll channel type
[19:25:42] [Server thread/WARN]: **** SERVER IS RUNNING IN OFFLINE/INSECURE MODE!
[19:25:42] [Server thread/WARN]: The server will make no attempt to authenticate usernames. Beware.
[19:25:42] [Server thread/WARN]: While this makes the game possible to play without internet access, it also opens up the ability for hackers to connect with any username they choose.
[19:25:42] [Server thread/WARN]: To change this, set "online-mode" to "true" in the server.properties file.
[19:25:42] [Server thread/INFO]: Preparing level "world"
[19:25:47] [Server thread/INFO]: Preparing start region for dimension minecraft:overworld
[19:25:47] [Worker-Main-3/INFO]: Preparing spawn area: 0%
[19:25:47] [Worker-Main-1/INFO]: Preparing spawn area: 10%
[19:25:47] [Server thread/INFO]: Time elapsed: 569 ms
[19:25:47] [Server thread/INFO]: Done (5.368s)! For help, type "help"
[19:34:10] [Server thread/INFO]: Gabofj[/127.212.39.67:57201] logged in with entity id 5 at (908.5, 102.5625, -1013.5)
[19:34:10] [Server thread/INFO]: Gabofj joined the game
[19:55:01] [Server thread/INFO]: Gabofj has made the advancement [What a Deal!]
[19:55:18] [Server thread/INFO]: BLimao[/127.95.73.60:59921] logged in with entity id 2823 at (1136.7053334286925, 93.0, 151.1517360720064)
[19:55:18] [Server thread/INFO]: BLimao joined the game
[19:57:56] [Server thread/WARN]: Mismatch in destroy block pos: jd{x=1134, y=88, z=137} jd{x=1135, y=87, z=137}
[19:58:27] [Server thread/INFO]: [Not Secure] <Gabofj> zzzzz
[20:09:26] [Server thread/INFO]: [Not Secure] <BLimao> zzzzzzzzzzzzzzz
[20:20:00] [Server thread/INFO]: Gabofj lost connection: Disconnected
[20:20:00] [Server thread/INFO]: Gabofj left the game
[20:20:07] [Server thread/INFO]: Gabofj[/127.212.39.67:50463] logged in with entity id 12407 at (938.2742198487571, 95.0, -1081.0103023540391)
[20:20:07] [Server thread/INFO]: Gabofj joined the game
[20:22:58] [Server thread/INFO]: BLimao has made the advancement [A Seedy Place]
[20:33:12] [Server thread/INFO]: BLimao lost connection: You logged in from another location
[20:33:12] [Server thread/INFO]: BLimao left the game
[20:33:12] [Server thread/WARN]: handleDisconnection() called twice
[20:33:14] [Server thread/INFO]: BLimao[/127.95.73.60:50963] logged in with entity id 17385 at (989.8956675785337, -13.0, 172.4916293113069)
[20:33:14] [Server thread/INFO]: BLimao joined the game
[20:41:24] [Server thread/INFO]: BLimao has made the advancement [Sneak 100]
[20:43:14] [Server thread/INFO]: Gabofj lost connection: Disconnected
[20:43:14] [Server thread/INFO]: Gabofj left the game
[20:49:04] [Server thread/INFO]: CorderoDeDios[/127.180.64.251:60025] logged in with entity id 23268 at (905.6783413779623, 80.0, 4017.007664573833)
[20:49:04] [Server thread/INFO]: CorderoDeDios joined the game
[20:49:12] [Server thread/INFO]: [Not Secure] <CorderoDeDios> quien sos vos ?
[20:49:26] [Server thread/INFO]: [Not Secure] <BLimao> que mierda te importa
[20:49:29] [Server thread/INFO]: [Not Secure] <BLimao> Soy Angel
[20:49:46] [Server thread/INFO]: [Not Secure] <CorderoDeDios> podes dormir ?
[20:50:57] [Server thread/INFO]: [Not Secure] <BLimao> banca
[20:51:00] [Server thread/INFO]: [Not Secure] <BLimao> me salve por poco
[20:51:02] [Server thread/INFO]: [Not Secure] <BLimao> anda al ds
[20:53:08] [Server thread/INFO]: [Not Secure] <BLimao> estas en el ds?
[20:53:11] [Server thread/INFO]: [Not Secure] <CorderoDeDios> nop
[20:53:13] [Server thread/INFO]: [Not Secure] <BLimao> vos quien sos?
[20:53:53] [Server thread/INFO]: [Not Secure] <BLimao> flashee que eras Juan o Ari
[20:54:05] [Server thread/INFO]: [Not Secure] <CorderoDeDios> ?
[20:54:18] [Server thread/INFO]: [Not Secure] <CorderoDeDios> vos tambien mira con quien me flasheas
[20:54:23] [Server thread/INFO]: [Not Secure] <CorderoDeDios> me mataste
[20:54:31] [Server thread/INFO]: [Not Secure] <BLimao> jasdhjasd
[20:56:40] [Server thread/INFO]: BLimao has made the advancement [Cover Me with Diamonds]
